

Started GET "/" for ::1 at 2016-02-13 14:46:26 -0500
Processing by Rails::WelcomeController#index as HTML
  Rendered /usr/local/lib/ruby/gems/2.3.0/gems/railties-4.2.5.1/lib/rails/templates/rails/welcome/index.html.erb (1.8ms)
Completed 200 OK in 21ms (Views: 11.5ms | ActiveRecord: 0.0ms)


Started GET "/" for ::1 at 2016-02-13 15:02:46 -0500
Processing by DashboardController#index as HTML
  Rendered dashboard/index.html.erb within layouts/application (0.8ms)
Completed 200 OK in 1078ms (Views: 1070.4ms | ActiveRecord: 0.0ms)


Started GET "/assets/dashboard.self-e3b0c44298fc1c149afbf4c8996fb92427ae41e4649b934ca495991b7852b855.css?body=1" for ::1 at 2016-02-13 15:02:48 -0500


Started GET "/assets/application.self-e80e8f2318043e8af94dddc2adad5a4f09739a8ebb323b3ab31cd71d45fd9113.css?body=1" for ::1 at 2016-02-13 15:02:48 -0500


Started GET "/assets/jquery.self-c64a74367bda6ef8b860f19e74df08927ca99d2be2ac934e9e92d5fd361e0da4.js?body=1" for ::1 at 2016-02-13 15:02:48 -0500


Started GET "/assets/jquery_ujs.self-d602bdfe68ffc63b9f9cc512872aa3cfff046228a0a36e90dd476e8ef54c1b09.js?body=1" for ::1 at 2016-02-13 15:02:48 -0500


Started GET "/assets/turbolinks.self-c37727e9bd6b2735da5c311aa83fead54ed0be6cc8bd9a65309e9c5abe2cbfff.js?body=1" for ::1 at 2016-02-13 15:02:48 -0500


Started GET "/assets/dashboard.self-877aef30ae1b040ab8a3aba4e3e309a11d7f2612f44dde450b5c157aa5f95c05.js?body=1" for ::1 at 2016-02-13 15:02:48 -0500


Started GET "/assets/application.self-3b8dabdc891efe46b9a144b400ad69e37d7e5876bdc39dee783419a69d7ca819.js?body=1" for ::1 at 2016-02-13 15:02:48 -0500


Started GET "/" for ::1 at 2016-02-13 15:14:37 -0500
Processing by DashboardController#index as HTML
  Rendered dashboard/index.html.erb within layouts/application (1.0ms)
Completed 200 OK in 1112ms (Views: 1103.1ms | ActiveRecord: 0.0ms)


Started GET "/assets/twitter-bootstrap-static/bootstrap.self-603f330c29af013305325569c8c75d03d688963abd8cde4fffec17b5ce417bfb.css?body=1" for ::1 at 2016-02-13 15:14:38 -0500


Started GET "/assets/twitter-bootstrap-static/fontawesome.self-2fe4f8a61d73606fbcb036b41f380591906a4da65a9eb5ec0a210fe6980b2ca7.css?body=1" for ::1 at 2016-02-13 15:14:38 -0500


Started GET "/assets/bootstrap_and_overrides.self-2cb3834583dfbaf0a39c7139750bf963e05d79cbe811126997e013400be5d8dc.css?body=1" for ::1 at 2016-02-13 15:14:38 -0500


Started GET "/assets/dashboard.self-e3b0c44298fc1c149afbf4c8996fb92427ae41e4649b934ca495991b7852b855.css?body=1" for ::1 at 2016-02-13 15:14:38 -0500


Started GET "/assets/application.self-e80e8f2318043e8af94dddc2adad5a4f09739a8ebb323b3ab31cd71d45fd9113.css?body=1" for ::1 at 2016-02-13 15:14:38 -0500


Started GET "/assets/jquery.self-c64a74367bda6ef8b860f19e74df08927ca99d2be2ac934e9e92d5fd361e0da4.js?body=1" for ::1 at 2016-02-13 15:14:38 -0500


Started GET "/assets/jquery_ujs.self-d602bdfe68ffc63b9f9cc512872aa3cfff046228a0a36e90dd476e8ef54c1b09.js?body=1" for ::1 at 2016-02-13 15:14:38 -0500


Started GET "/assets/twitter/bootstrap/transition.self-09ff30b1e8a93d1f7728b9855f55d9c9d8d5734c8861e0d8139994e50944572a.js?body=1" for ::1 at 2016-02-13 15:14:38 -0500


Started GET "/assets/twitter/bootstrap/alert.self-a29e91e8cd3ddaba9bbc466901d53ec2127e9256b9b941905d525a3a716bd1a5.js?body=1" for ::1 at 2016-02-13 15:14:38 -0500


Started GET "/assets/twitter/bootstrap/modal.self-72f95ffa1071297725a9ac91989693d56d1abf23f441a47455073b0da2857a5b.js?body=1" for ::1 at 2016-02-13 15:14:38 -0500


Started GET "/assets/twitter/bootstrap/dropdown.self-9314126777c6be5443e37ea7f7967d7914d72b3e60449ba50edc967446373059.js?body=1" for ::1 at 2016-02-13 15:14:38 -0500


Started GET "/assets/twitter/bootstrap/scrollspy.self-a155b9d4b2f978905f0326c0f6635e1134fe91c6bfbfcbad079fa24a9fef2b0e.js?body=1" for ::1 at 2016-02-13 15:14:38 -0500


Started GET "/assets/twitter/bootstrap/tab.self-122235057fbd4c6c7da377d59dc58f47b44cb1088a2e38e6ee6ce9d8ac29a26a.js?body=1" for ::1 at 2016-02-13 15:14:38 -0500


Started GET "/assets/twitter/bootstrap/tooltip.self-11cf547be953f25f511cec668f6690473fd97b2f65502e4032f4030999a3f0c3.js?body=1" for ::1 at 2016-02-13 15:14:39 -0500


Started GET "/assets/twitter/bootstrap/popover.self-77d8e3a2499c1104ef146396a68b82469ee2bdb365199b874694698d10405e9a.js?body=1" for ::1 at 2016-02-13 15:14:39 -0500


Started GET "/assets/twitter/bootstrap/button.self-a6cb16785434acb365ae426aef9f1fce05ed553cae7a965e4471c3da71509175.js?body=1" for ::1 at 2016-02-13 15:14:39 -0500


Started GET "/assets/twitter/bootstrap/collapse.self-7dc8bfbc2fbfabd2bad62c58ff8ffeaf8f20fb87c7ca6cd35f06d4dc19632587.js?body=1" for ::1 at 2016-02-13 15:14:39 -0500


Started GET "/assets/twitter/bootstrap/carousel.self-57eb8422043cf0a85b7a9dc6843916eb0a3e35b419c7798a5eb254b918997631.js?body=1" for ::1 at 2016-02-13 15:14:39 -0500


Started GET "/assets/twitter/bootstrap/affix.self-d2b642d8fbfc1d7041e2edefd66683ada567a980789dcd6f94fddda0b33408b5.js?body=1" for ::1 at 2016-02-13 15:14:39 -0500


Started GET "/assets/twitter/bootstrap.self-fbfa5ad7d9aa0afe439ec4ff3883acc4cb92b62cb67c40d674320c9aa1d4642d.js?body=1" for ::1 at 2016-02-13 15:14:39 -0500


Started GET "/assets/turbolinks.self-c37727e9bd6b2735da5c311aa83fead54ed0be6cc8bd9a65309e9c5abe2cbfff.js?body=1" for ::1 at 2016-02-13 15:14:39 -0500


Started GET "/assets/dashboard.self-877aef30ae1b040ab8a3aba4e3e309a11d7f2612f44dde450b5c157aa5f95c05.js?body=1" for ::1 at 2016-02-13 15:14:39 -0500


Started GET "/assets/bootstrap.self-fdc98dee79ee88255e10cac6caa91338165cb76cf0d263744d8d90011fc2ef8f.js?body=1" for ::1 at 2016-02-13 15:14:39 -0500


Started GET "/assets/application.self-f8806224e027f3e3f0138ea9ce99319e298dfdb323304d1f1be6eae8e8c74724.js?body=1" for ::1 at 2016-02-13 15:14:39 -0500


Started GET "/images/favicon.ico" for ::1 at 2016-02-13 15:14:39 -0500

ActionController::RoutingError (No route matches [GET] "/images/favicon.ico"):
  actionpack (4.2.5.1) lib/action_dispatch/middleware/debug_exceptions.rb:21:in `call'
  web-console (2.3.0) lib/web_console/middleware.rb:28:in `block in call'
  web-console (2.3.0) lib/web_console/middleware.rb:18:in `catch'
  web-console (2.3.0) lib/web_console/middleware.rb:18:in `call'
  actionpack (4.2.5.1) lib/action_dispatch/middleware/show_exceptions.rb:30:in `call'
  railties (4.2.5.1) lib/rails/rack/logger.rb:38:in `call_app'
  railties (4.2.5.1) lib/rails/rack/logger.rb:20:in `block in call'
  activesupport (4.2.5.1) lib/active_support/tagged_logging.rb:68:in `block in tagged'
  activesupport (4.2.5.1) lib/active_support/tagged_logging.rb:26:in `tagged'
  activesupport (4.2.5.1) lib/active_support/tagged_logging.rb:68:in `tagged'
  railties (4.2.5.1) lib/rails/rack/logger.rb:20:in `call'
  actionpack (4.2.5.1) lib/action_dispatch/middleware/request_id.rb:21:in `call'
  rack (1.6.4) lib/rack/methodoverride.rb:22:in `call'
  rack (1.6.4) lib/rack/runtime.rb:18:in `call'
  activesupport (4.2.5.1) lib/active_support/cache/strategy/local_cache_middleware.rb:28:in `call'
  rack (1.6.4) lib/rack/lock.rb:17:in `call'
  actionpack (4.2.5.1) lib/action_dispatch/middleware/static.rb:116:in `call'
  rack (1.6.4) lib/rack/sendfile.rb:113:in `call'
  railties (4.2.5.1) lib/rails/engine.rb:518:in `call'
  railties (4.2.5.1) lib/rails/application.rb:165:in `call'
  rack (1.6.4) lib/rack/lock.rb:17:in `call'
  rack (1.6.4) lib/rack/content_length.rb:15:in `call'
  rack (1.6.4) lib/rack/handler/webrick.rb:88:in `service'
  /usr/local/Cellar/ruby/2.3.0/lib/ruby/2.3.0/webrick/httpserver.rb:140:in `service'
  /usr/local/Cellar/ruby/2.3.0/lib/ruby/2.3.0/webrick/httpserver.rb:96:in `run'
  /usr/local/Cellar/ruby/2.3.0/lib/ruby/2.3.0/webrick/server.rb:296:in `block in start_thread'


  Rendered /usr/local/lib/ruby/gems/2.3.0/gems/actionpack-4.2.5.1/lib/action_dispatch/middleware/templates/rescues/_trace.html.erb (1.1ms)
  Rendered /usr/local/lib/ruby/gems/2.3.0/gems/actionpack-4.2.5.1/lib/action_dispatch/middleware/templates/routes/_route.html.erb (0.9ms)
  Rendered /usr/local/lib/ruby/gems/2.3.0/gems/actionpack-4.2.5.1/lib/action_dispatch/middleware/templates/routes/_table.html.erb (9.0ms)
  Rendered /usr/local/lib/ruby/gems/2.3.0/gems/actionpack-4.2.5.1/lib/action_dispatch/middleware/templates/rescues/_request_and_response.html.erb (2.1ms)
  Rendered /usr/local/lib/ruby/gems/2.3.0/gems/actionpack-4.2.5.1/lib/action_dispatch/middleware/templates/rescues/routing_error.html.erb within rescues/layout (71.6ms)
  Rendered /usr/local/lib/ruby/gems/2.3.0/gems/web-console-2.3.0/lib/web_console/templates/_markup.html.erb (0.7ms)
  Rendered /usr/local/lib/ruby/gems/2.3.0/gems/web-console-2.3.0/lib/web_console/templates/_inner_console_markup.html.erb within layouts/inlined_string (0.5ms)
  Rendered /usr/local/lib/ruby/gems/2.3.0/gems/web-console-2.3.0/lib/web_console/templates/_prompt_box_markup.html.erb within layouts/inlined_string (0.3ms)
  Rendered /usr/local/lib/ruby/gems/2.3.0/gems/web-console-2.3.0/lib/web_console/templates/style.css.erb within layouts/inlined_string (0.4ms)
  Rendered /usr/local/lib/ruby/gems/2.3.0/gems/web-console-2.3.0/lib/web_console/templates/console.js.erb within layouts/javascript (50.3ms)
  Rendered /usr/local/lib/ruby/gems/2.3.0/gems/web-console-2.3.0/lib/web_console/templates/main.js.erb within layouts/javascript (0.2ms)
  Rendered /usr/local/lib/ruby/gems/2.3.0/gems/web-console-2.3.0/lib/web_console/templates/error_page.js.erb within layouts/javascript (0.4ms)
  Rendered /usr/local/lib/ruby/gems/2.3.0/gems/web-console-2.3.0/lib/web_console/templates/index.html.erb (99.2ms)


Started GET "/" for ::1 at 2016-02-13 16:01:03 -0500
Processing by DashboardController#index as HTML
  Rendered dashboard/index.html.erb within layouts/application (1.4ms)
Completed 200 OK in 347ms (Views: 337.4ms | ActiveRecord: 0.0ms)


Started GET "/assets/twitter-bootstrap-static/bootstrap.self-603f330c29af013305325569c8c75d03d688963abd8cde4fffec17b5ce417bfb.css?body=1" for ::1 at 2016-02-13 16:01:04 -0500


Started GET "/assets/bootstrap_and_overrides.self-2cb3834583dfbaf0a39c7139750bf963e05d79cbe811126997e013400be5d8dc.css?body=1" for ::1 at 2016-02-13 16:01:04 -0500


Started GET "/assets/application.self-e80e8f2318043e8af94dddc2adad5a4f09739a8ebb323b3ab31cd71d45fd9113.css?body=1" for ::1 at 2016-02-13 16:01:04 -0500


Started GET "/assets/twitter-bootstrap-static/fontawesome.self-2fe4f8a61d73606fbcb036b41f380591906a4da65a9eb5ec0a210fe6980b2ca7.css?body=1" for ::1 at 2016-02-13 16:01:04 -0500


Started GET "/assets/dashboard.self-e3b0c44298fc1c149afbf4c8996fb92427ae41e4649b934ca495991b7852b855.css?body=1" for ::1 at 2016-02-13 16:01:04 -0500


Started GET "/assets/jquery.self-c64a74367bda6ef8b860f19e74df08927ca99d2be2ac934e9e92d5fd361e0da4.js?body=1" for ::1 at 2016-02-13 16:01:04 -0500


Started GET "/assets/jquery_ujs.self-d602bdfe68ffc63b9f9cc512872aa3cfff046228a0a36e90dd476e8ef54c1b09.js?body=1" for ::1 at 2016-02-13 16:01:04 -0500


Started GET "/assets/twitter/bootstrap/transition.self-09ff30b1e8a93d1f7728b9855f55d9c9d8d5734c8861e0d8139994e50944572a.js?body=1" for ::1 at 2016-02-13 16:01:04 -0500


Started GET "/assets/twitter/bootstrap/alert.self-a29e91e8cd3ddaba9bbc466901d53ec2127e9256b9b941905d525a3a716bd1a5.js?body=1" for ::1 at 2016-02-13 16:01:04 -0500


Started GET "/assets/twitter/bootstrap/modal.self-72f95ffa1071297725a9ac91989693d56d1abf23f441a47455073b0da2857a5b.js?body=1" for ::1 at 2016-02-13 16:01:04 -0500


Started GET "/assets/twitter/bootstrap/scrollspy.self-a155b9d4b2f978905f0326c0f6635e1134fe91c6bfbfcbad079fa24a9fef2b0e.js?body=1" for ::1 at 2016-02-13 16:01:04 -0500


Started GET "/assets/twitter/bootstrap/dropdown.self-9314126777c6be5443e37ea7f7967d7914d72b3e60449ba50edc967446373059.js?body=1" for ::1 at 2016-02-13 16:01:04 -0500


Started GET "/assets/twitter/bootstrap/tab.self-122235057fbd4c6c7da377d59dc58f47b44cb1088a2e38e6ee6ce9d8ac29a26a.js?body=1" for ::1 at 2016-02-13 16:01:04 -0500


Started GET "/assets/twitter/bootstrap/tooltip.self-11cf547be953f25f511cec668f6690473fd97b2f65502e4032f4030999a3f0c3.js?body=1" for ::1 at 2016-02-13 16:01:04 -0500


Started GET "/assets/twitter/bootstrap/popover.self-77d8e3a2499c1104ef146396a68b82469ee2bdb365199b874694698d10405e9a.js?body=1" for ::1 at 2016-02-13 16:01:04 -0500


Started GET "/assets/twitter/bootstrap/button.self-a6cb16785434acb365ae426aef9f1fce05ed553cae7a965e4471c3da71509175.js?body=1" for ::1 at 2016-02-13 16:01:04 -0500


Started GET "/assets/twitter/bootstrap/collapse.self-7dc8bfbc2fbfabd2bad62c58ff8ffeaf8f20fb87c7ca6cd35f06d4dc19632587.js?body=1" for ::1 at 2016-02-13 16:01:04 -0500


Started GET "/assets/twitter/bootstrap/carousel.self-57eb8422043cf0a85b7a9dc6843916eb0a3e35b419c7798a5eb254b918997631.js?body=1" for ::1 at 2016-02-13 16:01:04 -0500


Started GET "/assets/twitter/bootstrap/affix.self-d2b642d8fbfc1d7041e2edefd66683ada567a980789dcd6f94fddda0b33408b5.js?body=1" for ::1 at 2016-02-13 16:01:04 -0500


Started GET "/assets/twitter/bootstrap.self-fbfa5ad7d9aa0afe439ec4ff3883acc4cb92b62cb67c40d674320c9aa1d4642d.js?body=1" for ::1 at 2016-02-13 16:01:04 -0500


Started GET "/assets/turbolinks.self-c37727e9bd6b2735da5c311aa83fead54ed0be6cc8bd9a65309e9c5abe2cbfff.js?body=1" for ::1 at 2016-02-13 16:01:04 -0500


Started GET "/assets/bootstrap.self-fdc98dee79ee88255e10cac6caa91338165cb76cf0d263744d8d90011fc2ef8f.js?body=1" for ::1 at 2016-02-13 16:01:04 -0500


Started GET "/assets/dashboard.self-877aef30ae1b040ab8a3aba4e3e309a11d7f2612f44dde450b5c157aa5f95c05.js?body=1" for ::1 at 2016-02-13 16:01:04 -0500


Started GET "/assets/application.self-f8806224e027f3e3f0138ea9ce99319e298dfdb323304d1f1be6eae8e8c74724.js?body=1" for ::1 at 2016-02-13 16:01:04 -0500


Started GET "/" for ::1 at 2016-02-13 16:01:07 -0500
Processing by DashboardController#index as HTML
  Rendered dashboard/index.html.erb within layouts/application (0.0ms)
Completed 200 OK in 73ms (Views: 72.9ms | ActiveRecord: 0.0ms)


Started GET "/assets/twitter-bootstrap-static/bootstrap.self-603f330c29af013305325569c8c75d03d688963abd8cde4fffec17b5ce417bfb.css?body=1" for ::1 at 2016-02-13 16:01:07 -0500


Started GET "/assets/twitter-bootstrap-static/fontawesome.self-2fe4f8a61d73606fbcb036b41f380591906a4da65a9eb5ec0a210fe6980b2ca7.css?body=1" for ::1 at 2016-02-13 16:01:07 -0500


Started GET "/assets/jquery.self-c64a74367bda6ef8b860f19e74df08927ca99d2be2ac934e9e92d5fd361e0da4.js?body=1" for ::1 at 2016-02-13 16:01:07 -0500


Started GET "/assets/bootstrap_and_overrides.self-2cb3834583dfbaf0a39c7139750bf963e05d79cbe811126997e013400be5d8dc.css?body=1" for ::1 at 2016-02-13 16:01:07 -0500


Started GET "/assets/application.self-e80e8f2318043e8af94dddc2adad5a4f09739a8ebb323b3ab31cd71d45fd9113.css?body=1" for ::1 at 2016-02-13 16:01:07 -0500


Started GET "/assets/dashboard.self-e3b0c44298fc1c149afbf4c8996fb92427ae41e4649b934ca495991b7852b855.css?body=1" for ::1 at 2016-02-13 16:01:07 -0500


Started GET "/assets/jquery_ujs.self-d602bdfe68ffc63b9f9cc512872aa3cfff046228a0a36e90dd476e8ef54c1b09.js?body=1" for ::1 at 2016-02-13 16:01:07 -0500


Started GET "/assets/twitter/bootstrap/transition.self-09ff30b1e8a93d1f7728b9855f55d9c9d8d5734c8861e0d8139994e50944572a.js?body=1" for ::1 at 2016-02-13 16:01:07 -0500


Started GET "/assets/twitter/bootstrap/alert.self-a29e91e8cd3ddaba9bbc466901d53ec2127e9256b9b941905d525a3a716bd1a5.js?body=1" for ::1 at 2016-02-13 16:01:07 -0500


Started GET "/assets/twitter/bootstrap/modal.self-72f95ffa1071297725a9ac91989693d56d1abf23f441a47455073b0da2857a5b.js?body=1" for ::1 at 2016-02-13 16:01:07 -0500


Started GET "/assets/twitter/bootstrap/dropdown.self-9314126777c6be5443e37ea7f7967d7914d72b3e60449ba50edc967446373059.js?body=1" for ::1 at 2016-02-13 16:01:07 -0500


Started GET "/assets/twitter/bootstrap/scrollspy.self-a155b9d4b2f978905f0326c0f6635e1134fe91c6bfbfcbad079fa24a9fef2b0e.js?body=1" for ::1 at 2016-02-13 16:01:07 -0500


Started GET "/assets/twitter/bootstrap/tab.self-122235057fbd4c6c7da377d59dc58f47b44cb1088a2e38e6ee6ce9d8ac29a26a.js?body=1" for ::1 at 2016-02-13 16:01:07 -0500


Started GET "/assets/twitter/bootstrap/popover.self-77d8e3a2499c1104ef146396a68b82469ee2bdb365199b874694698d10405e9a.js?body=1" for ::1 at 2016-02-13 16:01:07 -0500


Started GET "/assets/twitter/bootstrap/tooltip.self-11cf547be953f25f511cec668f6690473fd97b2f65502e4032f4030999a3f0c3.js?body=1" for ::1 at 2016-02-13 16:01:07 -0500


Started GET "/assets/twitter/bootstrap/button.self-a6cb16785434acb365ae426aef9f1fce05ed553cae7a965e4471c3da71509175.js?body=1" for ::1 at 2016-02-13 16:01:07 -0500


Started GET "/assets/twitter/bootstrap/collapse.self-7dc8bfbc2fbfabd2bad62c58ff8ffeaf8f20fb87c7ca6cd35f06d4dc19632587.js?body=1" for ::1 at 2016-02-13 16:01:07 -0500


Started GET "/assets/twitter/bootstrap/carousel.self-57eb8422043cf0a85b7a9dc6843916eb0a3e35b419c7798a5eb254b918997631.js?body=1" for ::1 at 2016-02-13 16:01:07 -0500


Started GET "/assets/twitter/bootstrap/affix.self-d2b642d8fbfc1d7041e2edefd66683ada567a980789dcd6f94fddda0b33408b5.js?body=1" for ::1 at 2016-02-13 16:01:07 -0500


Started GET "/assets/twitter/bootstrap.self-fbfa5ad7d9aa0afe439ec4ff3883acc4cb92b62cb67c40d674320c9aa1d4642d.js?body=1" for ::1 at 2016-02-13 16:01:07 -0500


Started GET "/assets/turbolinks.self-c37727e9bd6b2735da5c311aa83fead54ed0be6cc8bd9a65309e9c5abe2cbfff.js?body=1" for ::1 at 2016-02-13 16:01:07 -0500


Started GET "/assets/bootstrap.self-fdc98dee79ee88255e10cac6caa91338165cb76cf0d263744d8d90011fc2ef8f.js?body=1" for ::1 at 2016-02-13 16:01:07 -0500


Started GET "/assets/dashboard.self-877aef30ae1b040ab8a3aba4e3e309a11d7f2612f44dde450b5c157aa5f95c05.js?body=1" for ::1 at 2016-02-13 16:01:07 -0500


Started GET "/assets/application.self-f8806224e027f3e3f0138ea9ce99319e298dfdb323304d1f1be6eae8e8c74724.js?body=1" for ::1 at 2016-02-13 16:01:07 -0500


Started GET "/" for ::1 at 2016-02-13 16:01:48 -0500
Processing by DashboardController#index as HTML
  Rendered dashboard/index.html.erb within layouts/application (0.9ms)
Completed 200 OK in 332ms (Views: 323.2ms | ActiveRecord: 0.0ms)


Started GET "/assets/twitter-bootstrap-static/bootstrap.self-603f330c29af013305325569c8c75d03d688963abd8cde4fffec17b5ce417bfb.css?body=1" for ::1 at 2016-02-13 16:01:48 -0500


Started GET "/assets/twitter-bootstrap-static/fontawesome.self-2fe4f8a61d73606fbcb036b41f380591906a4da65a9eb5ec0a210fe6980b2ca7.css?body=1" for ::1 at 2016-02-13 16:01:48 -0500


Started GET "/assets/bootstrap_and_overrides.self-2cb3834583dfbaf0a39c7139750bf963e05d79cbe811126997e013400be5d8dc.css?body=1" for ::1 at 2016-02-13 16:01:48 -0500


Started GET "/assets/dashboard.self-e3b0c44298fc1c149afbf4c8996fb92427ae41e4649b934ca495991b7852b855.css?body=1" for ::1 at 2016-02-13 16:01:48 -0500


Started GET "/assets/jquery.self-c64a74367bda6ef8b860f19e74df08927ca99d2be2ac934e9e92d5fd361e0da4.js?body=1" for ::1 at 2016-02-13 16:01:48 -0500


Started GET "/assets/application.self-e80e8f2318043e8af94dddc2adad5a4f09739a8ebb323b3ab31cd71d45fd9113.css?body=1" for ::1 at 2016-02-13 16:01:48 -0500


Started GET "/assets/jquery_ujs.self-d602bdfe68ffc63b9f9cc512872aa3cfff046228a0a36e90dd476e8ef54c1b09.js?body=1" for ::1 at 2016-02-13 16:01:48 -0500


Started GET "/assets/twitter/bootstrap/transition.self-09ff30b1e8a93d1f7728b9855f55d9c9d8d5734c8861e0d8139994e50944572a.js?body=1" for ::1 at 2016-02-13 16:01:48 -0500


Started GET "/assets/twitter/bootstrap/alert.self-a29e91e8cd3ddaba9bbc466901d53ec2127e9256b9b941905d525a3a716bd1a5.js?body=1" for ::1 at 2016-02-13 16:01:48 -0500


Started GET "/assets/twitter/bootstrap/modal.self-72f95ffa1071297725a9ac91989693d56d1abf23f441a47455073b0da2857a5b.js?body=1" for ::1 at 2016-02-13 16:01:48 -0500


Started GET "/assets/twitter/bootstrap/dropdown.self-9314126777c6be5443e37ea7f7967d7914d72b3e60449ba50edc967446373059.js?body=1" for ::1 at 2016-02-13 16:01:48 -0500


Started GET "/assets/twitter/bootstrap/scrollspy.self-a155b9d4b2f978905f0326c0f6635e1134fe91c6bfbfcbad079fa24a9fef2b0e.js?body=1" for ::1 at 2016-02-13 16:01:48 -0500


Started GET "/assets/twitter/bootstrap/tab.self-122235057fbd4c6c7da377d59dc58f47b44cb1088a2e38e6ee6ce9d8ac29a26a.js?body=1" for ::1 at 2016-02-13 16:01:48 -0500


Started GET "/assets/twitter/bootstrap/tooltip.self-11cf547be953f25f511cec668f6690473fd97b2f65502e4032f4030999a3f0c3.js?body=1" for ::1 at 2016-02-13 16:01:48 -0500


Started GET "/assets/twitter/bootstrap/popover.self-77d8e3a2499c1104ef146396a68b82469ee2bdb365199b874694698d10405e9a.js?body=1" for ::1 at 2016-02-13 16:01:48 -0500


Started GET "/assets/twitter/bootstrap/button.self-a6cb16785434acb365ae426aef9f1fce05ed553cae7a965e4471c3da71509175.js?body=1" for ::1 at 2016-02-13 16:01:48 -0500


Started GET "/assets/twitter/bootstrap/collapse.self-7dc8bfbc2fbfabd2bad62c58ff8ffeaf8f20fb87c7ca6cd35f06d4dc19632587.js?body=1" for ::1 at 2016-02-13 16:01:48 -0500


Started GET "/assets/twitter/bootstrap/carousel.self-57eb8422043cf0a85b7a9dc6843916eb0a3e35b419c7798a5eb254b918997631.js?body=1" for ::1 at 2016-02-13 16:01:48 -0500


Started GET "/assets/twitter/bootstrap/affix.self-d2b642d8fbfc1d7041e2edefd66683ada567a980789dcd6f94fddda0b33408b5.js?body=1" for ::1 at 2016-02-13 16:01:48 -0500


Started GET "/assets/twitter/bootstrap.self-fbfa5ad7d9aa0afe439ec4ff3883acc4cb92b62cb67c40d674320c9aa1d4642d.js?body=1" for ::1 at 2016-02-13 16:01:48 -0500


Started GET "/assets/turbolinks.self-c37727e9bd6b2735da5c311aa83fead54ed0be6cc8bd9a65309e9c5abe2cbfff.js?body=1" for ::1 at 2016-02-13 16:01:48 -0500


Started GET "/assets/bootstrap.self-fdc98dee79ee88255e10cac6caa91338165cb76cf0d263744d8d90011fc2ef8f.js?body=1" for ::1 at 2016-02-13 16:01:48 -0500


Started GET "/assets/dashboard.self-877aef30ae1b040ab8a3aba4e3e309a11d7f2612f44dde450b5c157aa5f95c05.js?body=1" for ::1 at 2016-02-13 16:01:48 -0500


Started GET "/assets/application.self-f8806224e027f3e3f0138ea9ce99319e298dfdb323304d1f1be6eae8e8c74724.js?body=1" for ::1 at 2016-02-13 16:01:48 -0500
